<?xml version="1.0" encoding="UTF-8"?>
<!-- Generated by org.testng.reporters.JUnitReportReporter -->
<testsuite hostname="W-PF3XL2J0" failures="0" tests="1" name="com.test.qa.testpages.HomePageTest" time="28.262" errors="0" timestamp="2025-02-16T14:45:19 IST" skipped="0">
  <testcase classname="com.test.qa.testpages.HomePageTest" name="productSearch" time="28.262"/>
</testsuite> <!-- com.test.qa.testpages.HomePageTest -->
